[INFO] 2025-08-06 04:19:20 Checking prerequisites...
[INFO] 2025-08-06 04:19:20 Prerequisites check passed
[INFO] 2025-08-06 04:19:20 Cleaning up previous work...
[INFO] 2025-08-06 04:19:20 Removed previous initramfs extraction
[INFO] 2025-08-06 04:19:20 Removed log file: /home/popcat19/nixos-shimboot/initramfs-patching-poc/patch-initramfs.log
[INFO] 2025-08-06 04:19:20 Removed log file: /home/popcat19/nixos-shimboot/initramfs-patching-poc/test-patched-initramfs.log
[INFO] 2025-08-06 04:19:20 Removed log file: /home/popcat19/nixos-shimboot/initramfs-patching-poc/test-results.txt
[INFO] 2025-08-06 04:19:20 Cleanup completed
[INFO] 2025-08-06 04:19:20 Step 1: Extracting kernel...
[INFO] 2025-08-06 04:19:20 Kernel extraction completed successfully
[INFO] 2025-08-06 04:19:20 Step 2: Extracting initramfs...
[INFO] 2025-08-06 04:20:34 Initramfs extraction completed successfully
[INFO] 2025-08-06 04:20:34 Step 3: Patching initramfs...
[INFO] 2025-08-06 04:20:34 Initramfs patching completed successfully
[INFO] 2025-08-06 04:20:34 Step 4: Testing patched initramfs...
[INFO] 2025-08-06 04:20:35 Patched initramfs test completed successfully
[INFO] 2025-08-06 04:20:35 Generating summary report...
[INFO] 2025-08-06 04:20:35 Summary report generated: /home/popcat19/nixos-shimboot/initramfs-patching-poc/patch-summary-report.txt
[INFO] 2025-08-06 04:20:35 Complete initramfs patching workflow finished successfully!
[INFO] 2025-08-06 04:20:35 Master log saved to: /home/popcat19/nixos-shimboot/initramfs-patching-poc/run-full-patch.log
[INFO] 2025-08-06 04:20:35 Summary report saved to: /home/popcat19/nixos-shimboot/initramfs-patching-poc/patch-summary-report.txt
